<?xml version="1.0" encoding="UTF-8"?>
<testsuite name="com.aor.numbers.ListSorterTest" tests="1" skipped="0" failures="0" errors="0" timestamp="2023-10-09T15:55:13" hostname="MacBook-Pro-de-Duarte-3.local" time="0.001">
  <properties/>
  <testcase name="sort()" classname="com.aor.numbers.ListSorterTest" time="0.001"/>
  <system-out><![CDATA[]]></system-out>
  <system-err><![CDATA[]]></system-err>
</testsuite>
