<?xml version="1.0" encoding="UTF-8"?>
<testsuite name="com.aor.numbers.ListFiltererTest" tests="4" skipped="0" failures="0" errors="0" timestamp="2023-10-23T15:49:14" hostname="MacBook-Pro-de-Duarte-3.local" time="0.227">
  <properties/>
  <testcase name="filter_withEmptyList_shouldReturnEmptyList()" classname="com.aor.numbers.ListFiltererTest" time="0.213"/>
  <testcase name="filter_divisibleByFilter_shouldFilterDivisibleNumbers()" classname="com.aor.numbers.ListFiltererTest" time="0.001"/>
  <testcase name="filter_positiveFilter_shouldFilterPositiveNumbers()" classname="com.aor.numbers.ListFiltererTest" time="0.001"/>
  <testcase name="filter_withStub_shouldFilterAccordingToStub()" classname="com.aor.numbers.ListFiltererTest" time="0.008"/>
  <system-out><![CDATA[]]></system-out>
  <system-err><![CDATA[]]></system-err>
</testsuite>
